Using pre-set license
Built from '2020.3/staging' branch; Version is '2020.3.5f1 (8095aa901b9b) revision 8426922'; Using compiler version '192528614'; Build Type 'Release'
OS: 'Windows 10 Home; OS build 19041.1052; Version 2004; 64bit' Language: 'ja' Physical Memory: 8004 MB
BatchMode: 1, IsHumanControllingUs: 0, StartBugReporterOnCrash: 0, Is64bit: 1, IsPro: 0

 COMMAND LINE ARGUMENTS:
C:\Program Files\Unity\Hub\Editor\2020.3.5f1\Editor\Unity.exe
-adb2
-batchMode
-noUpm
-name
AssetImportWorker0
-projectPath
F:/大学用/GCP/教えるよう/一年ゲーム制作/Team2/2021NewBieGame_Team2
-logFile
Logs/AssetImportWorker0.log
-srvPort
60857
Successfully changed project path to: F:/大学用/GCP/教えるよう/一年ゲーム制作/Team2/2021NewBieGame_Team2
F:/大学用/GCP/教えるよう/一年ゲーム制作/Team2/2021NewBieGame_Team2
Using Asset Import Pipeline V2.
Refreshing native plugins compatible for Editor in 54.44 ms, found 0 plugins.
Preloading 0 native plugins for Editor in 0.00 ms.
Initialize engine version: 2020.3.5f1 (8095aa901b9b)
[Subsystems] Discovering subsystems at path C:/Program Files/Unity/Hub/Editor/2020.3.5f1/Editor/Data/Resources/UnitySubsystems
[Subsystems] Discovering subsystems at path F:/大学用/GCP/教えるよう/一年ゲーム制作/Team2/2021NewBieGame_Team2/Assets
GfxDevice: creating device client; threaded=0
Direct3D:
    Version:  Direct3D 11.0 [level 11.1]
    Renderer: NVIDIA GeForce GTX 965M (ID=0x1427)
    Vendor:   
    VRAM:     4062 MB
    Driver:   22.21.13.8205
Initialize mono
Mono path[0] = 'C:/Program Files/Unity/Hub/Editor/2020.3.5f1/Editor/Data/Managed'
Mono path[1] = 'C:/Program Files/Unity/Hub/Editor/2020.3.5f1/Editor/Data/MonoBleedingEdge/lib/mono/unityjit'
Mono config path = 'C:/Program Files/Unity/Hub/Editor/2020.3.5f1/Editor/Data/MonoBleedingEdge/etc'
Using monoOptions --debugger-agent=transport=dt_socket,embedding=1,server=y,suspend=n,address=127.0.0.1:56560
Begin MonoManager ReloadAssembly
Registering precompiled unity dll's ...
Register platform support module: C:/Program Files/Unity/Hub/Editor/2020.3.5f1/Editor/Data/PlaybackEngines/WebGLSupport/UnityEditor.WebGL.Extensions.dll
Register platform support module: C:/Program Files/Unity/Hub/Editor/2020.3.5f1/Editor/Data/PlaybackEngines/MacStandaloneSupport/UnityEditor.OSXStandalone.Extensions.dll
Register platform support module: C:/Program Files/Unity/Hub/Editor/2020.3.5f1/Editor/Data/PlaybackEngines/WindowsStandaloneSupport/UnityEditor.WindowsStandalone.Extensions.dll
Registered in 0.076888 seconds.
Native extension for WindowsStandalone target not found
Native extension for OSXStandalone target not found
Native extension for WebGL target not found
Refreshing native plugins compatible for Editor in 42.93 ms, found 0 plugins.
Preloading 0 native plugins for Editor in 0.00 ms.
Mono: successfully reloaded assembly
- Completed reload, in  4.441 seconds
Platform modules already initialized, skipping
Registering precompiled user dll's ...
Registered in 0.003004 seconds.
Begin MonoManager ReloadAssembly
Native extension for WindowsStandalone target not found
Native extension for OSXStandalone target not found
Native extension for WebGL target not found
Refreshing native plugins compatible for Editor in 0.30 ms, found 0 plugins.
Preloading 0 native plugins for Editor in 0.00 ms.
Mono: successfully reloaded assembly
- Completed reload, in  3.805 seconds
Platform modules already initialized, skipping
========================================================================
Worker process is ready to serve import requests
Launched and connected shader compiler UnityShaderCompiler.exe after 1.02 seconds
Refreshing native plugins compatible for Editor in 0.76 ms, found 0 plugins.
Preloading 0 native plugins for Editor in 0.00 ms.
Unloading 1115 Unused Serialized files (Serialized files now loaded: 0)
System memory in use before: 57.4 MB.
System memory in use after: 57.5 MB.

Unloading 10 unused Assets to reduce memory usage. Loaded Objects now: 1557.
Total: 5.155700 ms (FindLiveObjects: 0.501700 ms CreateObjectMapping: 0.172700 ms MarkObjects: 4.283900 ms  DeleteObjects: 0.193800 ms)

========================================================================
Received Import Request.
  path: Assets/Test/Endou
  artifactKey: Guid(1fdc59ecfd5a11a44a39322f3492ba5c) Importer(815301076,1909f56bfc062723c751e8b465ee728b)
Start importing Assets/Test/Endou using Guid(1fdc59ecfd5a11a44a39322f3492ba5c) Importer(815301076,1909f56bfc062723c751e8b465ee728b)  -> (artifact id: 'b1618c5760dc7e3269144b2e8c7abc28') in 0.016118 seconds
  Import took 0.020460 seconds .

========================================================================
Received Import Request.
  Time since last request: 15.412969 seconds.
  path: Assets/Test/Endou/Endou_Test.unity
  artifactKey: Guid(4dd91f8da73fa254ab164f3fafccdc89) Importer(815301076,1909f56bfc062723c751e8b465ee728b)
Start importing Assets/Test/Endou/Endou_Test.unity using Guid(4dd91f8da73fa254ab164f3fafccdc89) Importer(815301076,1909f56bfc062723c751e8b465ee728b)  -> (artifact id: '94fb54dbe527ab6779ff5e0d91985109') in 0.022572 seconds
  Import took 0.028797 seconds .

AssetImportWorkerClient::OnTransportError - code=2 error=End of file
